Using pre-set license
Built from '2021.3/staging' branch; Version is '2021.3.14f1 (eee1884e7226) revision 15655304'; Using compiler version '192829333'; Build Type 'Release'
OS: 'Windows 11  (10.0.22621) 64bit Enterprise' Language: 'ca' Physical Memory: 16247 MB
BatchMode: 1, IsHumanControllingUs: 0, StartBugReporterOnCrash: 0, Is64bit: 1, IsPro: 1

COMMAND LINE ARGUMENTS:
C:\Program Files\Unity\Hub\Editor\2021.3.14f1\Editor\Unity.exe
-adb2
-batchMode
-noUpm
-name
AssetImportWorker0
-projectPath
C:/Users/juanam15/Documents/GitHub/Network_Project/Network_Project
-logFile
Logs/AssetImportWorker0.log
-srvPort
65373
Successfully changed project path to: C:/Users/juanam15/Documents/GitHub/Network_Project/Network_Project
C:/Users/juanam15/Documents/GitHub/Network_Project/Network_Project
[UnityMemory] Configuration Parameters - Can be set up in boot.config
    "memorysetup-bucket-allocator-granularity=16"
    "memorysetup-bucket-allocator-bucket-count=8"
    "memorysetup-bucket-allocator-block-size=33554432"
    "memorysetup-bucket-allocator-block-count=8"
    "memorysetup-main-allocator-block-size=16777216"
    "memorysetup-thread-allocator-block-size=16777216"
    "memorysetup-gfx-main-allocator-block-size=16777216"
    "memorysetup-gfx-thread-allocator-block-size=16777216"
    "memorysetup-cache-allocator-block-size=4194304"
    "memorysetup-typetree-allocator-block-size=2097152"
    "memorysetup-profiler-bucket-allocator-granularity=16"
    "memorysetup-profiler-bucket-allocator-bucket-count=8"
    "memorysetup-profiler-bucket-allocator-block-size=33554432"
    "memorysetup-profiler-bucket-allocator-block-count=8"
    "memorysetup-profiler-allocator-block-size=16777216"
    "memorysetup-profiler-editor-allocator-block-size=1048576"
    "memorysetup-temp-allocator-size-main=16777216"
    "memorysetup-job-temp-allocator-block-size=2097152"
    "memorysetup-job-temp-allocator-block-size-background=1048576"
    "memorysetup-job-temp-allocator-reduction-small-platforms=262144"
    "memorysetup-temp-allocator-size-background-worker=32768"
    "memorysetup-temp-allocator-size-job-worker=262144"
    "memorysetup-temp-allocator-size-preload-manager=33554432"
    "memorysetup-temp-allocator-size-nav-mesh-worker=65536"
    "memorysetup-temp-allocator-size-audio-worker=65536"
    "memorysetup-temp-allocator-size-cloud-worker=32768"
    "memorysetup-temp-allocator-size-gi-baking-worker=262144"
    "memorysetup-temp-allocator-size-gfx=262144"
Refreshing native plugins compatible for Editor in 126.17 ms, found 4 plugins.
Preloading 0 native plugins for Editor in 0.00 ms.
Initialize engine version: 2021.3.14f1 (eee1884e7226)
[Subsystems] Discovering subsystems at path C:/Program Files/Unity/Hub/Editor/2021.3.14f1/Editor/Data/Resources/UnitySubsystems
[Subsystems] Discovering subsystems at path C:/Users/juanam15/Documents/GitHub/Network_Project/Network_Project/Assets
GfxDevice: creating device client; threaded=0; jobified=0
Direct3D:
    Version:  Direct3D 11.0 [level 11.1]
    Renderer: NVIDIA GeForce GTX 1050 Ti (ID=0x1c82)
    Vendor:   NVIDIA
    VRAM:     4017 MB
    Driver:   31.0.15.3598
Initialize mono
Mono path[0] = 'C:/Program Files/Unity/Hub/Editor/2021.3.14f1/Editor/Data/Managed'
Mono path[1] = 'C:/Program Files/Unity/Hub/Editor/2021.3.14f1/Editor/Data/MonoBleedingEdge/lib/mono/unityjit-win32'
Mono config path = 'C:/Program Files/Unity/Hub/Editor/2021.3.14f1/Editor/Data/MonoBleedingEdge/etc'
Using monoOptions --debugger-agent=transport=dt_socket,embedding=1,server=y,suspend=n,address=127.0.0.1:56688
Begin MonoManager ReloadAssembly
Registering precompiled unity dll's ...
Register platform support module: C:/Program Files/Unity/Hub/Editor/2021.3.14f1/Editor/Data/PlaybackEngines/MacStandaloneSupport/UnityEditor.OSXStandalone.Extensions.dll
Register platform support module: C:/Program Files/Unity/Hub/Editor/2021.3.14f1/Editor/Data/PlaybackEngines/AndroidPlayer/UnityEditor.Android.Extensions.dll
Register platform support module: C:/Program Files/Unity/Hub/Editor/2021.3.14f1/Editor/Data/PlaybackEngines/iOSSupport/UnityEditor.iOS.Extensions.dll
Register platform support module: C:/Program Files/Unity/Hub/Editor/2021.3.14f1/Editor/Data/PlaybackEngines/WindowsStandaloneSupport/UnityEditor.WindowsStandalone.Extensions.dll
Register platform support module: C:/Program Files/Unity/Hub/Editor/2021.3.14f1/Editor/Data/PlaybackEngines/MetroSupport/UnityEditor.UWP.Extensions.dll
Registered in 0.009188 seconds.
Native extension for UWP target not found
Native extension for WindowsStandalone target not found
[usbmuxd] Start listen thread
[usbmuxd] Listen thread started
[usbmuxd] Send listen message
Native extension for iOS target not found
Native extension for Android target not found
Native extension for OSXStandalone target not found
Refreshing native plugins compatible for Editor in 135.66 ms, found 4 plugins.
Preloading 0 native plugins for Editor in 0.00 ms.
Mono: successfully reloaded assembly
- Completed reload, in  0.951 seconds
Domain Reload Profiling:
	ReloadAssembly (952ms)
		BeginReloadAssembly (100ms)
			ExecutionOrderSort (0ms)
			DisableScriptedObjects (0ms)
			BackupInstance (0ms)
			ReleaseScriptingObjects (0ms)
			CreateAndSetChildDomain (1ms)
		EndReloadAssembly (714ms)
			LoadAssemblies (98ms)
			RebuildTransferFunctionScriptingTraits (0ms)
			SetupTypeCache (141ms)
			ReleaseScriptCaches (0ms)
			RebuildScriptCaches (37ms)
			SetupLoadedEditorAssemblies (465ms)
				LogAssemblyErrors (0ms)
				InitializePlatformSupportModulesInManaged (83ms)
				SetLoadedEditorAssemblies (0ms)
				RefreshPlugins (136ms)
				BeforeProcessingInitializeOnLoad (2ms)
				ProcessInitializeOnLoadAttributes (164ms)
				ProcessInitializeOnLoadMethodAttributes (79ms)
				AfterProcessingInitializeOnLoad (0ms)
				EditorAssembliesLoaded (0ms)
			ExecutionOrderSort2 (0ms)
			AwakeInstancesAfterBackupRestoration (0ms)
Platform modules already initialized, skipping
Registering precompiled user dll's ...
Registered in 0.009200 seconds.
Begin MonoManager ReloadAssembly
Symbol file LoadedFromMemory doesn't match image C:\Users\juanam15\Documents\GitHub\Network_Project\Network_Project\Library\PackageCache\com.unity.visualscripting@1.7.8\Editor\VisualScripting.Core\Dependencies\YamlDotNet\Unity.VisualScripting.YamlDotNet.dll
Symbol file LoadedFromMemory doesn't match image C:\Users\juanam15\Documents\GitHub\Network_Project\Network_Project\Library\PackageCache\com.unity.visualscripting@1.7.8\Editor\VisualScripting.Core\Dependencies\DotNetZip\Unity.VisualScripting.IonicZip.dll
Native extension for UWP target not found
Native extension for WindowsStandalone target not found
Native extension for iOS target not found
Native extension for Android target not found
Native extension for OSXStandalone target not found
Refreshing native plugins compatible for Editor in 106.65 ms, found 4 plugins.
Preloading 0 native plugins for Editor in 0.00 ms.
Mono: successfully reloaded assembly
- Completed reload, in  1.728 seconds
Domain Reload Profiling:
	ReloadAssembly (1730ms)
		BeginReloadAssembly (274ms)
			ExecutionOrderSort (0ms)
			DisableScriptedObjects (9ms)
			BackupInstance (0ms)
			ReleaseScriptingObjects (0ms)
			CreateAndSetChildDomain (147ms)
		EndReloadAssembly (1283ms)
			LoadAssemblies (114ms)
			RebuildTransferFunctionScriptingTraits (0ms)
			SetupTypeCache (388ms)
			ReleaseScriptCaches (1ms)
			RebuildScriptCaches (93ms)
			SetupLoadedEditorAssemblies (630ms)
				LogAssemblyErrors (0ms)
				InitializePlatformSupportModulesInManaged (37ms)
				SetLoadedEditorAssemblies (0ms)
				RefreshPlugins (107ms)
				BeforeProcessingInitializeOnLoad (124ms)
				ProcessInitializeOnLoadAttributes (302ms)
				ProcessInitializeOnLoadMethodAttributes (52ms)
				AfterProcessingInitializeOnLoad (8ms)
				EditorAssembliesLoaded (0ms)
			ExecutionOrderSort2 (0ms)
			AwakeInstancesAfterBackupRestoration (7ms)
Platform modules already initialized, skipping
========================================================================
Worker process is ready to serve import requests
Launched and connected shader compiler UnityShaderCompiler.exe after 0.04 seconds
Refreshing native plugins compatible for Editor in 0.72 ms, found 4 plugins.
Preloading 0 native plugins for Editor in 0.00 ms.
Unloading 4061 Unused Serialized files (Serialized files now loaded: 0)
Unloading 38 unused Assets / (56.2 KB). Loaded Objects now: 4518.
Memory consumption went from 152.9 MB to 152.9 MB.
Total: 6.575700 ms (FindLiveObjects: 0.466200 ms CreateObjectMapping: 0.362400 ms MarkObjects: 5.649700 ms  DeleteObjects: 0.095900 ms)

AssetImportParameters requested are different than current active one (requested -> active):
  custom:video-decoder-ogg-theora: a1e56fd34408186e4bbccfd4996cb3dc -> 
  custom:container-muxer-webm: aa71ff27fc2769a1b78a27578f13a17b -> 
  custom:container-demuxer-webm: 4f35f7cbe854078d1ac9338744f61a02 -> 
  custom:video-encoder-webm-vp8: eb34c28f22e8b96e1ab97ce403110664 -> 
  custom:video-codec-MediaFoundation-h265: 746d11721c4dcdbdad8f713fa42b33f4 -> 
  custom:audio-encoder-webm-vorbis: bf7c407c2cedff20999df2af8eb42d56 -> 
  custom:framework-win-MediaFoundation: 216162199b28c13a410421893ffa2e32 -> 
  custom:container-demuxer-ogg: 62fdf1f143b41e24485cea50d1cbac27 -> 
  custom:video-decoder-webm-vp8: 9c59270c3fd7afecdb556c50c9e8de78 -> 
  custom:audio-decoder-ogg-vorbis: bf7c407c2cedff20999df2af8eb42d56 -> 
========================================================================
Received Import Request.
  Time since last request: 1157.928955 seconds.
  path: Assets/UDP Receiver Text.prefab
  artifactKey: Guid(1a2a444173db7824b9e2a2f03879bdf3) Importer(815301076,1909f56bfc062723c751e8b465ee728b)
Start importing Assets/UDP Receiver Text.prefab using Guid(1a2a444173db7824b9e2a2f03879bdf3) Importer(815301076,1909f56bfc062723c751e8b465ee728b)  -> (artifact id: 'd7392400ad7919e11fd4f2e3a7006d85') in 0.124696 seconds 
========================================================================
Received Import Request.
  Time since last request: 0.000025 seconds.
  path: Assets/Change Scene Button.prefab
  artifactKey: Guid(b081135124bb8b64ab7d25ff9f89db7d) Importer(815301076,1909f56bfc062723c751e8b465ee728b)
Start importing Assets/Change Scene Button.prefab using Guid(b081135124bb8b64ab7d25ff9f89db7d) Importer(815301076,1909f56bfc062723c751e8b465ee728b)  -> (artifact id: '4c92cecf9c2f0fda49db982eedebed69') in 0.046872 seconds 
========================================================================
Received Import Request.
  Time since last request: 0.000051 seconds.
  path: Assets/UDP Test Button.prefab
  artifactKey: Guid(02c3744bcc49f5f47b7f55971154ca40) Importer(815301076,1909f56bfc062723c751e8b465ee728b)
Start importing Assets/UDP Test Button.prefab using Guid(02c3744bcc49f5f47b7f55971154ca40) Importer(815301076,1909f56bfc062723c751e8b465ee728b)  -> (artifact id: '6452ba0a60c50625eb9d381ab3ece03e') in 0.034312 seconds 
========================================================================
Received Import Request.
  Time since last request: 1332.475654 seconds.
  path: Assets/Scenes/Create Game Scene.unity
  artifactKey: Guid(f82890cfba8baa14f924f9d63d98c390) Importer(815301076,1909f56bfc062723c751e8b465ee728b)
Start importing Assets/Scenes/Create Game Scene.unity using Guid(f82890cfba8baa14f924f9d63d98c390) Importer(815301076,1909f56bfc062723c751e8b465ee728b)  -> (artifact id: '44244c51578b0327b1565181af5b0647') in 0.010409 seconds 
========================================================================
Received Import Request.
  Time since last request: 0.813848 seconds.
  path: Assets/Scenes/Join Game Scene.unity
  artifactKey: Guid(576c0bd9dcdf1d04f94c1aefab64dd9c) Importer(815301076,1909f56bfc062723c751e8b465ee728b)
Start importing Assets/Scenes/Join Game Scene.unity using Guid(576c0bd9dcdf1d04f94c1aefab64dd9c) Importer(815301076,1909f56bfc062723c751e8b465ee728b)  -> (artifact id: '94eb0d934e0433369d015a8a62d4ddf4') in 0.009628 seconds 
========================================================================
Received Import Request.
  Time since last request: 839.682114 seconds.
  path: Assets/Scripts/TCPSocket.cs
  artifactKey: Guid(29c5839c9e5f2c24f89f8e20c910cb53) Importer(815301076,1909f56bfc062723c751e8b465ee728b)
Start importing Assets/Scripts/TCPSocket.cs using Guid(29c5839c9e5f2c24f89f8e20c910cb53) Importer(815301076,1909f56bfc062723c751e8b465ee728b)  -> (artifact id: '37fc54966ba64d058ab7150423bef37e') in 0.015035 seconds 
========================================================================
Received Import Request.
  Time since last request: 0.759733 seconds.
  path: Assets/Scripts/UDPReceive.cs
  artifactKey: Guid(19d9afb3df1d38b409e9b066f2b5facf) Importer(815301076,1909f56bfc062723c751e8b465ee728b)
Start importing Assets/Scripts/UDPReceive.cs using Guid(19d9afb3df1d38b409e9b066f2b5facf) Importer(815301076,1909f56bfc062723c751e8b465ee728b)  -> (artifact id: '2310b66b0559dffa3f2b11e6db677d69') in 0.008694 seconds 
========================================================================
Received Import Request.
  Time since last request: 10.807155 seconds.
  path: Assets/Scripts/TCPServer.cs
  artifactKey: Guid(29c5839c9e5f2c24f89f8e20c910cb53) Importer(815301076,1909f56bfc062723c751e8b465ee728b)
Start importing Assets/Scripts/TCPServer.cs using Guid(29c5839c9e5f2c24f89f8e20c910cb53) Importer(815301076,1909f56bfc062723c751e8b465ee728b)  -> (artifact id: 'fac6d0f38cd5e7e5c13ebf31c6f397d5') in 0.011171 seconds 
========================================================================
Received Import Request.
  Time since last request: 1.496926 seconds.
  path: Assets/Scripts
  artifactKey: Guid(fb3608b756c0b73488225c6e66f86dc3) Importer(815301076,1909f56bfc062723c751e8b465ee728b)
Start importing Assets/Scripts using Guid(fb3608b756c0b73488225c6e66f86dc3) Importer(815301076,1909f56bfc062723c751e8b465ee728b)  -> (artifact id: 'bde44ed513024d9bac52c19d418c80c6') in 0.011242 seconds 
========================================================================
Received Import Request.
  Time since last request: 16.701799 seconds.
  path: Assets/Scripts/TCPClient.cs
  artifactKey: Guid(249a6600ffcae3a4aa4af458a82e52e3) Importer(815301076,1909f56bfc062723c751e8b465ee728b)
Start importing Assets/Scripts/TCPClient.cs using Guid(249a6600ffcae3a4aa4af458a82e52e3) Importer(815301076,1909f56bfc062723c751e8b465ee728b)  -> (artifact id: '6b45150038745f92d9aab62def3ec56b') in 0.011697 seconds 
========================================================================
Received Import Request.
  Time since last request: 454.105423 seconds.
  path: Assets/Scripts/TCPServer.cs
  artifactKey: Guid(29c5839c9e5f2c24f89f8e20c910cb53) Importer(815301076,1909f56bfc062723c751e8b465ee728b)
Start importing Assets/Scripts/TCPServer.cs using Guid(29c5839c9e5f2c24f89f8e20c910cb53) Importer(815301076,1909f56bfc062723c751e8b465ee728b)  -> (artifact id: '3df281d2b7a734a2b2ad8fcc522c51b7') in 0.002472 seconds 
========================================================================
Received Import Request.
  Time since last request: 3847.144592 seconds.
  path: Assets/Scripts/TCPServer.cs
  artifactKey: Guid(29c5839c9e5f2c24f89f8e20c910cb53) Importer(815301076,1909f56bfc062723c751e8b465ee728b)
Start importing Assets/Scripts/TCPServer.cs using Guid(29c5839c9e5f2c24f89f8e20c910cb53) Importer(815301076,1909f56bfc062723c751e8b465ee728b)  -> (artifact id: '4994fcc18c33459ba7d7926fd7a251ff') in 0.002476 seconds 
========================================================================
Received Prepare
Registering precompiled user dll's ...
Registered in 0.007218 seconds.
